<?xml version="1.0" encoding="UTF-8"?>
<!-- Generated by org.testng.reporters.JUnitReportReporter -->
<testsuite hostname="DESKTOP-6E13JVC" failures="0" tests="6" name="com.qa.selenium.InvocationCount_Groups_Enabled_Priority" time="0.037" errors="0" timestamp="2022-08-25T17:36:17 IST" skipped="0">
  <testcase classname="com.qa.selenium.InvocationCount_Groups_Enabled_Priority" name="CreateUser" time="0.013"/>
  <system-out>
    <![CDATA[CreateUser]]>
  </system-out>
  <testcase classname="com.qa.selenium.InvocationCount_Groups_Enabled_Priority" name="createProduct" time="0.006"/>
  <system-out>
    <![CDATA[createProduct]]>
  </system-out>
  <testcase classname="com.qa.selenium.InvocationCount_Groups_Enabled_Priority" name="editUser" time="0.003"/>
  <system-out>
    <![CDATA[editUser]]>
  </system-out>
  <testcase classname="com.qa.selenium.InvocationCount_Groups_Enabled_Priority" name="editProduct" time="0.003"/>
  <system-out>
    <![CDATA[editProduct]]>
  </system-out>
  <testcase classname="com.qa.selenium.InvocationCount_Groups_Enabled_Priority" name="deleteUser" time="0.006"/>
  <system-out>
    <![CDATA[deleteUser]]>
  </system-out>
  <testcase classname="com.qa.selenium.InvocationCount_Groups_Enabled_Priority" name="deleteProduct" time="0.006"/>
  <system-out>
    <![CDATA[deleteProduct]]>
  </system-out>
</testsuite> <!-- com.qa.selenium.InvocationCount_Groups_Enabled_Priority -->
